Watching for file changes with StatReloader
"GET / HTTP/1.1" 200 1251
"GET /static/css/bootstrap.min.css HTTP/1.1" 200 232803
"GET /static/js/bootstrap.bundle.min.js HTTP/1.1" 200 79790
Not Found: /favicon.ico
"GET /favicon.ico HTTP/1.1" 404 2808
"GET /signin/ HTTP/1.1" 200 1833
"POST /signin/ HTTP/1.1" 302 0
"GET /tasks/admin_dashboard/ HTTP/1.1" 200 1691
"GET /tasks/completed/ HTTP/1.1" 200 1719
"GET /tasks/create/ HTTP/1.1" 200 2522
C:\Users\Bened\Desktop\CRUD\tasks\views.py changed, reloading.
Watching for file changes with StatReloader
C:\Users\Bened\Desktop\CRUD\tasks\urls.py changed, reloading.
Watching for file changes with StatReloader
"GET /tasks/create/ HTTP/1.1" 200 2664
"GET /tasks/admin/directivo/ HTTP/1.1" 200 8199
Method Not Allowed (GET): /usuarios/directivo/eliminar/6/
"GET /usuarios/directivo/eliminar/6/ HTTP/1.1" 405 0
Method Not Allowed (GET): /usuarios/directivo/eliminar/6/
"GET /usuarios/directivo/eliminar/6/ HTTP/1.1" 405 0
Method Not Allowed (GET): /usuarios/directivo/eliminar/6/
"GET /usuarios/directivo/eliminar/6/ HTTP/1.1" 405 0
"GET / HTTP/1.1" 200 1251
Not Found: /favicon.ico
"GET /favicon.ico HTTP/1.1" 404 2808
"GET /signin/ HTTP/1.1" 200 1833
"GET /static/css/bootstrap.min.css HTTP/1.1" 200 232803
"GET /static/js/bootstrap.bundle.min.js HTTP/1.1" 200 79790
"POST /signin/ HTTP/1.1" 302 0
"GET /tasks/admin_dashboard/ HTTP/1.1" 200 1833
"GET /tasks/admin/directivo/ HTTP/1.1" 200 8199
Method Not Allowed (GET): /usuarios/directivo/eliminar/6/
"GET /usuarios/directivo/eliminar/6/ HTTP/1.1" 405 0
C:\Users\Bened\Desktop\CRUD\tasks\views.py changed, reloading.
Watching for file changes with StatReloader
C:\Users\Bened\Desktop\CRUD\tasks\views.py changed, reloading.
Watching for file changes with StatReloader
C:\Users\Bened\Desktop\CRUD\tasks\views.py changed, reloading.
Watching for file changes with StatReloader
C:\Users\Bened\Desktop\CRUD\tasks\views.py changed, reloading.
Watching for file changes with StatReloader
C:\Users\Bened\Desktop\CRUD\tasks\views.py changed, reloading.
Watching for file changes with StatReloader
C:\Users\Bened\Desktop\CRUD\tasks\views.py changed, reloading.
Watching for file changes with StatReloader
C:\Users\Bened\Desktop\CRUD\tasks\urls.py changed, reloading.
Watching for file changes with StatReloader
C:\Users\Bened\Desktop\CRUD\tasks\urls.py changed, reloading.
Watching for file changes with StatReloader
Internal Server Error: /tasks/admin_dashboard/
Traceback (most recent call last):
  File "C:\Users\Bened\Desktop\CRUD\.venv\Lib\site-packages\django\core\handlers\exception.py", line 55, in inner
    response = get_response(request)
               ^^^^^^^^^^^^^^^^^^^^^
  File "C:\Users\Bened\Desktop\CRUD\.venv\Lib\site-packages\django\core\handlers\base.py", line 197, in _get_response
    response = wrapped_callback(request, *callback_args, **callback_kwargs)
               ^^^^^^^^^^^^^^^^^^^^^^^^^^^^^^^^^^^^^^^^^^^^^^^^^^^^^^^^^^^^
  File "C:\Users\Bened\Desktop\CRUD\.venv\Lib\site-packages\django\contrib\auth\decorators.py", line 23, in _wrapped_view
    return view_func(request, *args, **kwargs)
           ^^^^^^^^^^^^^^^^^^^^^^^^^^^^^^^^^^^
  File "C:\Users\Bened\Desktop\CRUD\tasks\views.py", line 101, in admin_dashboard
    return render(request, 'base.html')
           ^^^^^^^^^^^^^^^^^^^^^^^^^^^^
  File "C:\Users\Bened\Desktop\CRUD\.venv\Lib\site-packages\django\shortcuts.py", line 24, in render
    content = loader.render_to_string(template_name, context, request, using=using)
              ^^^^^^^^^^^^^^^^^^^^^^^^^^^^^^^^^^^^^^^^^^^^^^^^^^^^^^^^^^^^^^^^^^^^^
  File "C:\Users\Bened\Desktop\CRUD\.venv\Lib\site-packages\django\template\loader.py", line 62, in render_to_string
    return template.render(context, request)
           ^^^^^^^^^^^^^^^^^^^^^^^^^^^^^^^^^
  File "C:\Users\Bened\Desktop\CRUD\.venv\Lib\site-packages\django\template\backends\django.py", line 62, in render
    return self.template.render(context)
           ^^^^^^^^^^^^^^^^^^^^^^^^^^^^^
  File "C:\Users\Bened\Desktop\CRUD\.venv\Lib\site-packages\django\template\base.py", line 175, in render
    return self._render(context)
           ^^^^^^^^^^^^^^^^^^^^^
  File "C:\Users\Bened\Desktop\CRUD\.venv\Lib\site-packages\django\template\base.py", line 167, in _render
    return self.nodelist.render(context)
           ^^^^^^^^^^^^^^^^^^^^^^^^^^^^^
  File "C:\Users\Bened\Desktop\CRUD\.venv\Lib\site-packages\django\template\base.py", line 1005, in render
    return SafeString("".join([node.render_annotated(context) for node in self]))
                               ^^^^^^^^^^^^^^^^^^^^^^^^^^^^^^
  File "C:\Users\Bened\Desktop\CRUD\.venv\Lib\site-packages\django\template\base.py", line 966, in render_annotated
    return self.render(context)
           ^^^^^^^^^^^^^^^^^^^^
  File "C:\Users\Bened\Desktop\CRUD\.venv\Lib\site-packages\django\template\loader_tags.py", line 208, in render
    return template.render(context)
           ^^^^^^^^^^^^^^^^^^^^^^^^
  File "C:\Users\Bened\Desktop\CRUD\.venv\Lib\site-packages\django\template\base.py", line 177, in render
    return self._render(context)
           ^^^^^^^^^^^^^^^^^^^^^
  File "C:\Users\Bened\Desktop\CRUD\.venv\Lib\site-packages\django\template\base.py", line 167, in _render
    return self.nodelist.render(context)
           ^^^^^^^^^^^^^^^^^^^^^^^^^^^^^
  File "C:\Users\Bened\Desktop\CRUD\.venv\Lib\site-packages\django\template\base.py", line 1005, in render
    return SafeString("".join([node.render_annotated(context) for node in self]))
                               ^^^^^^^^^^^^^^^^^^^^^^^^^^^^^^
  File "C:\Users\Bened\Desktop\CRUD\.venv\Lib\site-packages\django\template\base.py", line 966, in render_annotated
    return self.render(context)
           ^^^^^^^^^^^^^^^^^^^^
  File "C:\Users\Bened\Desktop\CRUD\.venv\Lib\site-packages\django\template\defaulttags.py", line 322, in render
    return nodelist.render(context)
           ^^^^^^^^^^^^^^^^^^^^^^^^
  File "C:\Users\Bened\Desktop\CRUD\.venv\Lib\site-packages\django\template\base.py", line 1005, in render
    return SafeString("".join([node.render_annotated(context) for node in self]))
                               ^^^^^^^^^^^^^^^^^^^^^^^^^^^^^^
  File "C:\Users\Bened\Desktop\CRUD\.venv\Lib\site-packages\django\template\base.py", line 966, in render_annotated
    return self.render(context)
           ^^^^^^^^^^^^^^^^^^^^
  File "C:\Users\Bened\Desktop\CRUD\.venv\Lib\site-packages\django\template\defaulttags.py", line 322, in render
    return nodelist.render(context)
           ^^^^^^^^^^^^^^^^^^^^^^^^
  File "C:\Users\Bened\Desktop\CRUD\.venv\Lib\site-packages\django\template\base.py", line 1005, in render
    return SafeString("".join([node.render_annotated(context) for node in self]))
                               ^^^^^^^^^^^^^^^^^^^^^^^^^^^^^^
  File "C:\Users\Bened\Desktop\CRUD\.venv\Lib\site-packages\django\template\base.py", line 966, in render_annotated
    return self.render(context)
           ^^^^^^^^^^^^^^^^^^^^
  File "C:\Users\Bened\Desktop\CRUD\.venv\Lib\site-packages\django\template\defaulttags.py", line 472, in render
    url = reverse(view_name, args=args, kwargs=kwargs, current_app=current_app)
          ^^^^^^^^^^^^^^^^^^^^^^^^^^^^^^^^^^^^^^^^^^^^^^^^^^^^^^^^^^^^^^^^^^^^^
  File "C:\Users\Bened\Desktop\CRUD\.venv\Lib\site-packages\django\urls\base.py", line 88, in reverse
    return resolver._reverse_with_prefix(view, prefix, *args, **kwargs)
           ^^^^^^^^^^^^^^^^^^^^^^^^^^^^^^^^^^^^^^^^^^^^^^^^^^^^^^^^^^^^
  File "C:\Users\Bened\Desktop\CRUD\.venv\Lib\site-packages\django\urls\resolvers.py", line 803, in _reverse_with_prefix
    raise NoReverseMatch(msg)
django.urls.exceptions.NoReverseMatch: Reverse for 'delete_task' with arguments '('',)' not found. 1 pattern(s) tried: ['tasks/(?P<task_id>[0-9]+)/delete/\\Z']
"GET /tasks/admin_dashboard/ HTTP/1.1" 500 176402
"GET / HTTP/1.1" 200 1251
Not Found: /favicon.ico
"GET /favicon.ico HTTP/1.1" 404 2808
"GET /signin/ HTTP/1.1" 200 1833
"POST /signin/ HTTP/1.1" 302 0
"GET /tasks/admin_dashboard/ HTTP/1.1" 200 1929
"GET /tasks/eliminar_directivo/ HTTP/1.1" 200 14533
"GET / HTTP/1.1" 200 1974
"GET /tasks/eliminar_directivo/ HTTP/1.1" 200 14533
"POST /usuarios/directivo/eliminar/6/ HTTP/1.1" 302 0
"GET /usuarios/directivo/historial-acuerdos/ HTTP/1.1" 200 1671
"GET /static/css/historial.css HTTP/1.1" 200 2074
"GET /usuarios/directivo/historial-acuerdos/ HTTP/1.1" 200 1671
"GET /tasks/eliminar_directivo/ HTTP/1.1" 200 13752
"GET /tasks/eliminar_directivo/ HTTP/1.1" 200 13752
"GET / HTTP/1.1" 200 1974
"GET /tasks/eliminar_directivo/ HTTP/1.1" 200 13752
"POST /tasks/eliminar_directivo/nota/1/ HTTP/1.1" 302 0
"GET /tasks/eliminar_directivo/ HTTP/1.1" 200 13008
"GET / HTTP/1.1" 200 1974
"GET /logout/ HTTP/1.1" 302 0
"GET / HTTP/1.1" 200 1251
"GET /signin/ HTTP/1.1" 200 1833
"POST /signin/ HTTP/1.1" 302 0
"GET /usuarios/menu/ HTTP/1.1" 200 1095
"GET /static/css/menu.css HTTP/1.1" 200 2203
"GET /static/img/cfe.jpg HTTP/1.1" 200 445919
"GET /usuarios/directivo/ HTTP/1.1" 200 6319
"GET /static/css/base.css HTTP/1.1" 200 0
"GET /static/css/encabezado.css HTTP/1.1" 200 3806
"GET /static/css/informacion.css HTTP/1.1" 200 922
"GET /static/css/integrantes.css HTTP/1.1" 200 6182
"GET /static/css/desarrollo_directivo.css HTTP/1.1" 200 7376
"GET /static/js/cronometro_directivo.js HTTP/1.1" 200 2315
"GET /static/js/crear_acuerdo_directivo.js HTTP/1.1" 200 1873
"GET /static/js/notas_directivo.js HTTP/1.1" 200 4240
"GET /static/js/integrantes_directivo.js HTTP/1.1" 200 3204
"GET /usuarios/directivo/descarga/ HTTP/1.1" 200 11990
"GET /static/css/descarga_directivo.css HTTP/1.1" 200 11398
"GET /static/js/integrantes.js HTTP/1.1" 200 3161
"GET /logout/ HTTP/1.1" 302 0
"GET / HTTP/1.1" 200 1251
"GET /signin/ HTTP/1.1" 200 1833
"POST /signin/ HTTP/1.1" 302 0
"GET /tasks/admin_dashboard/ HTTP/1.1" 200 1929
"GET /tasks/eliminar_directivo/ HTTP/1.1" 200 13008
"POST /tasks/eliminar_directivo/nota/15/ HTTP/1.1" 302 0
"GET /tasks/eliminar_directivo/ HTTP/1.1" 200 12254
"POST /tasks/eliminar_directivo/nota/14/ HTTP/1.1" 302 0
"GET /tasks/eliminar_directivo/ HTTP/1.1" 200 11494
"POST /tasks/eliminar_directivo/nota/13/ HTTP/1.1" 302 0
"GET /tasks/eliminar_directivo/ HTTP/1.1" 200 10744
"POST /tasks/eliminar_directivo/nota/12/ HTTP/1.1" 302 0
"GET /tasks/eliminar_directivo/ HTTP/1.1" 200 10001
"POST /tasks/eliminar_directivo/nota/11/ HTTP/1.1" 302 0
"GET /tasks/eliminar_directivo/ HTTP/1.1" 200 9260
"POST /tasks/eliminar_directivo/nota/7/ HTTP/1.1" 302 0
"GET /tasks/eliminar_directivo/ HTTP/1.1" 200 8515
"POST /tasks/eliminar_directivo/nota/8/ HTTP/1.1" 302 0
"GET /tasks/eliminar_directivo/ HTTP/1.1" 200 7763
"POST /tasks/eliminar_directivo/nota/10/ HTTP/1.1" 302 0
"GET /tasks/eliminar_directivo/ HTTP/1.1" 200 7005
"POST /tasks/eliminar_directivo/nota/9/ HTTP/1.1" 302 0
"GET /tasks/eliminar_directivo/ HTTP/1.1" 200 6243
"POST /tasks/eliminar_directivo/nota/6/ HTTP/1.1" 302 0
"GET /tasks/eliminar_directivo/ HTTP/1.1" 200 5497
"POST /tasks/eliminar_directivo/nota/5/ HTTP/1.1" 302 0
"GET /tasks/eliminar_directivo/ HTTP/1.1" 200 4738
"POST /tasks/eliminar_directivo/nota/3/ HTTP/1.1" 302 0
"GET /tasks/eliminar_directivo/ HTTP/1.1" 200 3985
"POST /tasks/eliminar_directivo/nota/4/ HTTP/1.1" 302 0
"GET /tasks/eliminar_directivo/ HTTP/1.1" 200 3222
"POST /tasks/eliminar_directivo/nota/2/ HTTP/1.1" 302 0
"GET /tasks/eliminar_directivo/ HTTP/1.1" 200 2549
"GET / HTTP/1.1" 200 1974
"GET /logout/ HTTP/1.1" 302 0
"GET / HTTP/1.1" 200 1251
"GET /signin/ HTTP/1.1" 200 1833
"POST /signin/ HTTP/1.1" 302 0
"GET /usuarios/menu/ HTTP/1.1" 200 1095
"GET /usuarios/directivo/ HTTP/1.1" 200 6319
"GET /usuarios/directivo/descarga/ HTTP/1.1" 200 7447
"GET /usuarios/directivo/descarga/?fecha_filtro=hoy HTTP/1.1" 200 7447
"GET /usuarios/directivo/descarga/?fecha_filtro=todos HTTP/1.1" 200 7447
"GET /logout/ HTTP/1.1" 302 0
"GET / HTTP/1.1" 200 1251
Watching for file changes with StatReloader
"GET / HTTP/1.1" 200 1251
Not Found: /favicon.ico
"GET /favicon.ico HTTP/1.1" 404 2808
"GET / HTTP/1.1" 200 1251
"GET /signin/ HTTP/1.1" 200 1833
"POST /signin/ HTTP/1.1" 302 0
"GET /tasks/admin_dashboard/ HTTP/1.1" 200 1929
"GET /tasks/eliminar_directivo/ HTTP/1.1" 200 2549
"GET / HTTP/1.1" 200 1974
C:\Users\Bened\Desktop\CRUD\directivo\urls.py changed, reloading.
Watching for file changes with StatReloader
"GET /logout/ HTTP/1.1" 302 0
"GET / HTTP/1.1" 200 1251
"GET /signin/ HTTP/1.1" 200 1833
"POST /signin/ HTTP/1.1" 302 0
"GET /usuarios/menu/ HTTP/1.1" 200 1095
"GET /usuarios/directivo/ HTTP/1.1" 200 6320
"GET /static/css/desarrollo_directivo.css HTTP/1.1" 200 7376
"GET /static/css/integrantes.css HTTP/1.1" 200 6182
"GET /static/js/cronometro_directivo.js HTTP/1.1" 200 2315
"GET /static/js/integrantes_directivo.js HTTP/1.1" 200 3204
"GET /static/js/crear_acuerdo_directivo.js HTTP/1.1" 200 1873
"GET /static/js/notas_directivo.js HTTP/1.1" 200 4240
"GET /usuarios/directivo/historial-acuerdos/ HTTP/1.1" 200 1671
C:\Users\Bened\Desktop\CRUD\directivo\views.py changed, reloading.
Watching for file changes with StatReloader
C:\Users\Bened\Desktop\CRUD\operativo\views.py changed, reloading.
Watching for file changes with StatReloader
C:\Users\Bened\Desktop\CRUD\operativo\urls.py changed, reloading.
Watching for file changes with StatReloader
"GET /usuarios/menu/ HTTP/1.1" 200 1095
"GET /usuarios/operativo/ HTTP/1.1" 200 6827
"GET /usuarios/operativo/descarga/ HTTP/1.1" 200 8294
"GET /usuarios/operativo/historial-acuerdo_operativo/ HTTP/1.1" 200 3102
"GET /usuarios/operativo/ HTTP/1.1" 200 6827
"GET /usuarios/operativo/historial-acuerdo_operativo/ HTTP/1.1" 200 3102
Watching for file changes with StatReloader
"GET /logout/ HTTP/1.1" 302 0
"GET / HTTP/1.1" 200 1344
"GET /signin/ HTTP/1.1" 200 1926
"POST /signin/ HTTP/1.1" 302 0
"GET /tasks/admin_dashboard/ HTTP/1.1" 200 2283
Internal Server Error: /tasks/eliminar_operativo/
Traceback (most recent call last):
  File "C:\Users\Bened\Desktop\CRUD\.venv\Lib\site-packages\django\core\handlers\exception.py", line 55, in inner
    response = get_response(request)
               ^^^^^^^^^^^^^^^^^^^^^
  File "C:\Users\Bened\Desktop\CRUD\.venv\Lib\site-packages\django\core\handlers\base.py", line 197, in _get_response
    response = wrapped_callback(request, *callback_args, **callback_kwargs)
               ^^^^^^^^^^^^^^^^^^^^^^^^^^^^^^^^^^^^^^^^^^^^^^^^^^^^^^^^^^^^
  File "C:\Users\Bened\Desktop\CRUD\.venv\Lib\site-packages\django\contrib\auth\decorators.py", line 23, in _wrapped_view
    return view_func(request, *args, **kwargs)
           ^^^^^^^^^^^^^^^^^^^^^^^^^^^^^^^^^^^
  File "C:\Users\Bened\Desktop\CRUD\tasks\views.py", line 181, in eliminar_operativo_panel
    return render(request, 'operativo/operativo_eliminar.html', {
           ^^^^^^^^^^^^^^^^^^^^^^^^^^^^^^^^^^^^^^^^^^^^^^^^^^^^^^
  File "C:\Users\Bened\Desktop\CRUD\.venv\Lib\site-packages\django\shortcuts.py", line 24, in render
    content = loader.render_to_string(template_name, context, request, using=using)
              ^^^^^^^^^^^^^^^^^^^^^^^^^^^^^^^^^^^^^^^^^^^^^^^^^^^^^^^^^^^^^^^^^^^^^
  File "C:\Users\Bened\Desktop\CRUD\.venv\Lib\site-packages\django\template\loader.py", line 61, in render_to_string
    template = get_template(template_name, using=using)
               ^^^^^^^^^^^^^^^^^^^^^^^^^^^^^^^^^^^^^^^^
  File "C:\Users\Bened\Desktop\CRUD\.venv\Lib\site-packages\django\template\loader.py", line 19, in get_template
    raise TemplateDoesNotExist(template_name, chain=chain)
django.template.exceptions.TemplateDoesNotExist: operativo/operativo_eliminar.html
"GET /tasks/eliminar_operativo/ HTTP/1.1" 500 100144
C:\Users\Bened\Desktop\CRUD\tasks\views.py changed, reloading.
Watching for file changes with StatReloader
"GET /tasks/eliminar_operativo/ HTTP/1.1" 200 13145
"GET /tasks/admin_dashboard/ HTTP/1.1" 200 2283
Internal Server Error: /tasks/eliminar_directivo/
Traceback (most recent call last):
  File "C:\Users\Bened\Desktop\CRUD\.venv\Lib\site-packages\django\core\handlers\exception.py", line 55, in inner
    response = get_response(request)
               ^^^^^^^^^^^^^^^^^^^^^
  File "C:\Users\Bened\Desktop\CRUD\.venv\Lib\site-packages\django\core\handlers\base.py", line 197, in _get_response
    response = wrapped_callback(request, *callback_args, **callback_kwargs)
               ^^^^^^^^^^^^^^^^^^^^^^^^^^^^^^^^^^^^^^^^^^^^^^^^^^^^^^^^^^^^
  File "C:\Users\Bened\Desktop\CRUD\.venv\Lib\site-packages\django\contrib\auth\decorators.py", line 23, in _wrapped_view
    return view_func(request, *args, **kwargs)
           ^^^^^^^^^^^^^^^^^^^^^^^^^^^^^^^^^^^
  File "C:\Users\Bened\Desktop\CRUD\tasks\views.py", line 149, in eliminar_directivo_panel
    return render(request, 'administrador/directivo_eliminar.html', {
           ^^^^^^^^^^^^^^^^^^^^^^^^^^^^^^^^^^^^^^^^^^^^^^^^^^^^^^^^^^
  File "C:\Users\Bened\Desktop\CRUD\.venv\Lib\site-packages\django\shortcuts.py", line 24, in render
    content = loader.render_to_string(template_name, context, request, using=using)
              ^^^^^^^^^^^^^^^^^^^^^^^^^^^^^^^^^^^^^^^^^^^^^^^^^^^^^^^^^^^^^^^^^^^^^
  File "C:\Users\Bened\Desktop\CRUD\.venv\Lib\site-packages\django\template\loader.py", line 61, in render_to_string
    template = get_template(template_name, using=using)
               ^^^^^^^^^^^^^^^^^^^^^^^^^^^^^^^^^^^^^^^^
  File "C:\Users\Bened\Desktop\CRUD\.venv\Lib\site-packages\django\template\loader.py", line 15, in get_template
    return engine.get_template(template_name)
           ^^^^^^^^^^^^^^^^^^^^^^^^^^^^^^^^^^
  File "C:\Users\Bened\Desktop\CRUD\.venv\Lib\site-packages\django\template\backends\django.py", line 34, in get_template
    return Template(self.engine.get_template(template_name), self)
                    ^^^^^^^^^^^^^^^^^^^^^^^^^^^^^^^^^^^^^^^
  File "C:\Users\Bened\Desktop\CRUD\.venv\Lib\site-packages\django\template\engine.py", line 175, in get_template
    template, origin = self.find_template(template_name)
                       ^^^^^^^^^^^^^^^^^^^^^^^^^^^^^^^^^
  File "C:\Users\Bened\Desktop\CRUD\.venv\Lib\site-packages\django\template\engine.py", line 157, in find_template
    template = loader.get_template(name, skip=skip)
               ^^^^^^^^^^^^^^^^^^^^^^^^^^^^^^^^^^^^
  File "C:\Users\Bened\Desktop\CRUD\.venv\Lib\site-packages\django\template\loaders\cached.py", line 57, in get_template
    template = super().get_template(template_name, skip)
               ^^^^^^^^^^^^^^^^^^^^^^^^^^^^^^^^^^^^^^^^^
  File "C:\Users\Bened\Desktop\CRUD\.venv\Lib\site-packages\django\template\loaders\base.py", line 28, in get_template
    return Template(
           ^^^^^^^^^
  File "C:\Users\Bened\Desktop\CRUD\.venv\Lib\site-packages\django\template\base.py", line 154, in __init__
    self.nodelist = self.compile_nodelist()
                    ^^^^^^^^^^^^^^^^^^^^^^^
  File "C:\Users\Bened\Desktop\CRUD\.venv\Lib\site-packages\django\template\base.py", line 200, in compile_nodelist
    return parser.parse()
           ^^^^^^^^^^^^^^
  File "C:\Users\Bened\Desktop\CRUD\.venv\Lib\site-packages\django\template\base.py", line 513, in parse
    raise self.error(token, e)
  File "C:\Users\Bened\Desktop\CRUD\.venv\Lib\site-packages\django\template\base.py", line 511, in parse
    compiled_result = compile_func(self, token)
                      ^^^^^^^^^^^^^^^^^^^^^^^^^
  File "C:\Users\Bened\Desktop\CRUD\.venv\Lib\site-packages\django\template\loader_tags.py", line 293, in do_extends
    nodelist = parser.parse()
               ^^^^^^^^^^^^^^
  File "C:\Users\Bened\Desktop\CRUD\.venv\Lib\site-packages\django\template\base.py", line 513, in parse
    raise self.error(token, e)
  File "C:\Users\Bened\Desktop\CRUD\.venv\Lib\site-packages\django\template\base.py", line 511, in parse
    compiled_result = compile_func(self, token)
                      ^^^^^^^^^^^^^^^^^^^^^^^^^
  File "C:\Users\Bened\Desktop\CRUD\.venv\Lib\site-packages\django\template\loader_tags.py", line 232, in do_block
    nodelist = parser.parse(("endblock",))
               ^^^^^^^^^^^^^^^^^^^^^^^^^^^
  File "C:\Users\Bened\Desktop\CRUD\.venv\Lib\site-packages\django\template\base.py", line 518, in parse
    self.unclosed_block_tag(parse_until)
  File "C:\Users\Bened\Desktop\CRUD\.venv\Lib\site-packages\django\template\base.py", line 581, in unclosed_block_tag
    raise self.error(token, msg)
django.template.exceptions.TemplateSyntaxError: Unclosed tag on line 3: 'block'. Looking for one of: endblock.
"GET /tasks/eliminar_directivo/ HTTP/1.1" 500 180820
"GET /tasks/eliminar_directivo/ HTTP/1.1" 200 4828
"GET /tasks/eliminar_directivo/ HTTP/1.1" 200 4828
"GET /tasks/eliminar_operativo/ HTTP/1.1" 200 15424
"GET /tasks/eliminar_directivo/ HTTP/1.1" 200 4828
"GET /tasks/eliminar_directivo/ HTTP/1.1" 200 4774
"GET /tasks/eliminar_operativo/ HTTP/1.1" 200 15424
C:\Users\Bened\Desktop\CRUD\tasks\views.py changed, reloading.
Watching for file changes with StatReloader
"GET /logout/ HTTP/1.1" 302 0
"GET / HTTP/1.1" 200 1344
"GET /signin/ HTTP/1.1" 200 1926
"POST /signin/ HTTP/1.1" 302 0
"GET /tasks/admin_dashboard/ HTTP/1.1" 200 2283
"GET /tasks/create/ HTTP/1.1" 200 3114
"GET /signup/ HTTP/1.1" 200 3659
"GET /tasks/ HTTP/1.1" 200 2311
"GET /tasks/completed/ HTTP/1.1" 200 2311
"GET /tasks/create/ HTTP/1.1" 200 3114
"GET /tasks/eliminar_directivo/ HTTP/1.1" 200 4774
C:\Users\Bened\Desktop\CRUD\tasks\urls.py changed, reloading.
Watching for file changes with StatReloader
C:\Users\Bened\Desktop\CRUD\tasks\views.py changed, reloading.
Watching for file changes with StatReloader
"GET /tasks/eliminar_directivo/ HTTP/1.1" 200 4357
"GET /signup/ HTTP/1.1" 200 3242
"GET / HTTP/1.1" 200 1911
"GET /tasks/eliminar_operativo/ HTTP/1.1" 200 15007
"GET /tasks/eliminar_directivo/ HTTP/1.1" 200 4357
"GET /tasks/eliminar_directivo/ HTTP/1.1" 200 4357
"GET /signup/ HTTP/1.1" 200 3242
C:\Users\Bened\Desktop\CRUD\tasks\views.py changed, reloading.
Watching for file changes with StatReloader
C:\Users\Bened\Desktop\CRUD\tasks\views.py changed, reloading.
Watching for file changes with StatReloader
C:\Users\Bened\Desktop\CRUD\tasks\urls.py changed, reloading.
Watching for file changes with StatReloader
"GET /signup/ HTTP/1.1" 200 3436
"GET /tasks/usuarios/gestionar/ HTTP/1.1" 200 3406
"GET /tasks/usuarios/eliminar/3/ HTTP/1.1" 302 0
"GET /tasks/usuarios/gestionar/ HTTP/1.1" 200 3056
"GET /tasks/usuarios/editar/2/ HTTP/1.1" 200 2782
"GET /tasks/usuarios/gestionar/ HTTP/1.1" 200 3056
"GET /signup/ HTTP/1.1" 200 3436
"GET /logout/ HTTP/1.1" 302 0
"GET / HTTP/1.1" 200 1344
"GET /signin/ HTTP/1.1" 200 1926
"POST /signin/ HTTP/1.1" 302 0
"GET /tasks/admin_dashboard/ HTTP/1.1" 200 2060
"GET /tasks/usuarios/gestionar/ HTTP/1.1" 200 3056
"GET /signup/ HTTP/1.1" 200 3436
Internal Server Error: /signup/
Traceback (most recent call last):
  File "C:\Users\Bened\Desktop\CRUD\.venv\Lib\site-packages\django\core\handlers\exception.py", line 55, in inner
    response = get_response(request)
               ^^^^^^^^^^^^^^^^^^^^^
  File "C:\Users\Bened\Desktop\CRUD\.venv\Lib\site-packages\django\core\handlers\base.py", line 197, in _get_response
    response = wrapped_callback(request, *callback_args, **callback_kwargs)
               ^^^^^^^^^^^^^^^^^^^^^^^^^^^^^^^^^^^^^^^^^^^^^^^^^^^^^^^^^^^^
  File "C:\Users\Bened\Desktop\CRUD\.venv\Lib\site-packages\django\contrib\auth\decorators.py", line 23, in _wrapped_view
    return view_func(request, *args, **kwargs)
           ^^^^^^^^^^^^^^^^^^^^^^^^^^^^^^^^^^^
  File "C:\Users\Bened\Desktop\CRUD\tasks\views.py", line 31, in signup
    return redirect('tasks')  # Redirige a donde quieras después de crear el usuario
           ^^^^^^^^^^^^^^^^^
  File "C:\Users\Bened\Desktop\CRUD\.venv\Lib\site-packages\django\shortcuts.py", line 48, in redirect
    return redirect_class(resolve_url(to, *args, **kwargs))
                          ^^^^^^^^^^^^^^^^^^^^^^^^^^^^^^^^
  File "C:\Users\Bened\Desktop\CRUD\.venv\Lib\site-packages\django\shortcuts.py", line 145, in resolve_url
    return reverse(to, args=args, kwargs=kwargs)
           ^^^^^^^^^^^^^^^^^^^^^^^^^^^^^^^^^^^^^
  File "C:\Users\Bened\Desktop\CRUD\.venv\Lib\site-packages\django\urls\base.py", line 88, in reverse
    return resolver._reverse_with_prefix(view, prefix, *args, **kwargs)
           ^^^^^^^^^^^^^^^^^^^^^^^^^^^^^^^^^^^^^^^^^^^^^^^^^^^^^^^^^^^^
  File "C:\Users\Bened\Desktop\CRUD\.venv\Lib\site-packages\django\urls\resolvers.py", line 803, in _reverse_with_prefix
    raise NoReverseMatch(msg)
django.urls.exceptions.NoReverseMatch: Reverse for 'tasks' not found. 'tasks' is not a valid view function or pattern name.
"POST /signup/ HTTP/1.1" 500 98027
"POST /signup/ HTTP/1.1" 200 3460
"GET /tasks/usuarios/gestionar/ HTTP/1.1" 200 3406
"GET /signup/ HTTP/1.1" 200 3436
Internal Server Error: /signup/
Traceback (most recent call last):
  File "C:\Users\Bened\Desktop\CRUD\.venv\Lib\site-packages\django\core\handlers\exception.py", line 55, in inner
    response = get_response(request)
               ^^^^^^^^^^^^^^^^^^^^^
  File "C:\Users\Bened\Desktop\CRUD\.venv\Lib\site-packages\django\core\handlers\base.py", line 197, in _get_response
    response = wrapped_callback(request, *callback_args, **callback_kwargs)
               ^^^^^^^^^^^^^^^^^^^^^^^^^^^^^^^^^^^^^^^^^^^^^^^^^^^^^^^^^^^^
  File "C:\Users\Bened\Desktop\CRUD\.venv\Lib\site-packages\django\contrib\auth\decorators.py", line 23, in _wrapped_view
    return view_func(request, *args, **kwargs)
           ^^^^^^^^^^^^^^^^^^^^^^^^^^^^^^^^^^^
  File "C:\Users\Bened\Desktop\CRUD\tasks\views.py", line 31, in signup
    return redirect('tasks')  # Redirige a donde quieras después de crear el usuario
           ^^^^^^^^^^^^^^^^^
  File "C:\Users\Bened\Desktop\CRUD\.venv\Lib\site-packages\django\shortcuts.py", line 48, in redirect
    return redirect_class(resolve_url(to, *args, **kwargs))
                          ^^^^^^^^^^^^^^^^^^^^^^^^^^^^^^^^
  File "C:\Users\Bened\Desktop\CRUD\.venv\Lib\site-packages\django\shortcuts.py", line 145, in resolve_url
    return reverse(to, args=args, kwargs=kwargs)
           ^^^^^^^^^^^^^^^^^^^^^^^^^^^^^^^^^^^^^
  File "C:\Users\Bened\Desktop\CRUD\.venv\Lib\site-packages\django\urls\base.py", line 88, in reverse
    return resolver._reverse_with_prefix(view, prefix, *args, **kwargs)
           ^^^^^^^^^^^^^^^^^^^^^^^^^^^^^^^^^^^^^^^^^^^^^^^^^^^^^^^^^^^^
  File "C:\Users\Bened\Desktop\CRUD\.venv\Lib\site-packages\django\urls\resolvers.py", line 803, in _reverse_with_prefix
    raise NoReverseMatch(msg)
django.urls.exceptions.NoReverseMatch: Reverse for 'tasks' not found. 'tasks' is not a valid view function or pattern name.
"POST /signup/ HTTP/1.1" 500 98019
C:\Users\Bened\Desktop\CRUD\tasks\views.py changed, reloading.
Watching for file changes with StatReloader
C:\Users\Bened\Desktop\CRUD\tasks\views.py changed, reloading.
Watching for file changes with StatReloader
C:\Users\Bened\Desktop\CRUD\tasks\views.py changed, reloading.
Watching for file changes with StatReloader
"POST /signup/ HTTP/1.1" 200 3460
"GET /tasks/usuarios/gestionar/ HTTP/1.1" 200 3754
"GET /tasks/usuarios/eliminar/6/ HTTP/1.1" 302 0
"GET /tasks/usuarios/gestionar/ HTTP/1.1" 200 3406
"GET /signup/ HTTP/1.1" 200 3436
"POST /signup/ HTTP/1.1" 302 0
"GET /tasks/admin_dashboard/ HTTP/1.1" 200 2060
"GET /signup/ HTTP/1.1" 200 3436
"GET /logout/ HTTP/1.1" 302 0
"GET / HTTP/1.1" 200 1344
"GET /signin/ HTTP/1.1" 200 1926
"POST /signin/ HTTP/1.1" 302 0
"GET /tasks/admin_dashboard/ HTTP/1.1" 200 2060
"GET /tasks/usuarios/gestionar/ HTTP/1.1" 200 3754
"GET /tasks/usuarios/eliminar/8/ HTTP/1.1" 302 0
"GET /tasks/usuarios/gestionar/ HTTP/1.1" 200 3406
"GET /signup/ HTTP/1.1" 200 3436
"GET /tasks/eliminar_operativo/ HTTP/1.1" 200 15201
"GET /tasks/eliminar_directivo/ HTTP/1.1" 200 4551
"GET /tasks/eliminar_operativo/ HTTP/1.1" 200 15201
"GET /logout/ HTTP/1.1" 302 0
"GET / HTTP/1.1" 200 1344
"GET /signin/ HTTP/1.1" 200 1926
"POST /signin/ HTTP/1.1" 200 1960
"POST /signin/ HTTP/1.1" 302 0
"GET /usuarios/menu/ HTTP/1.1" 200 1095
"GET /logout/ HTTP/1.1" 302 0
"GET / HTTP/1.1" 200 1344
Watching for file changes with StatReloader
"GET / HTTP/1.1" 200 1344
Not Found: /favicon.ico
"GET /favicon.ico HTTP/1.1" 404 2808
"GET /signin/ HTTP/1.1" 200 1926
"POST /signin/ HTTP/1.1" 302 0
"GET /usuarios/menu/ HTTP/1.1" 200 1095
"GET /usuarios/directivo/ HTTP/1.1" 200 6320
"GET /usuarios/directivo/descarga/ HTTP/1.1" 200 7447
"GET /static/css/descarga_directivo.css HTTP/1.1" 200 11398
"POST /usuarios/directivo/descargar_word_directiva/ HTTP/1.1" 200 138730
Watching for file changes with StatReloader
C:\Users\Bened\Desktop\CRUD\operativo\views.py changed, reloading.
Watching for file changes with StatReloader
"GET /logout/ HTTP/1.1" 302 0
"GET / HTTP/1.1" 200 1344
"GET /signin/ HTTP/1.1" 200 1926
"POST /signin/ HTTP/1.1" 302 0
"GET /usuarios/menu/ HTTP/1.1" 200 1095
"GET /usuarios/operativo/ HTTP/1.1" 200 6827
"GET /usuarios/operativo/descarga/ HTTP/1.1" 200 8294
"POST /usuarios/operativo/descargar-word/ HTTP/1.1" 200 135629
C:\Users\Bened\Desktop\CRUD\operativo\views.py changed, reloading.
Watching for file changes with StatReloader
C:\Users\Bened\Desktop\CRUD\directivo\views.py changed, reloading.
Watching for file changes with StatReloader
"POST /usuarios/operativo/descargar-word/ HTTP/1.1" 200 135629
"GET /usuarios/directivo/ HTTP/1.1" 200 6319
"GET /usuarios/directivo/descarga/ HTTP/1.1" 200 7447
"POST /usuarios/directivo/descargar_word_directiva/ HTTP/1.1" 200 138662
Watching for file changes with StatReloader
C:\Users\Bened\Desktop\CRUD\djangocrud\settings.py changed, reloading.
Watching for file changes with StatReloader
C:\Users\Bened\Desktop\CRUD\tasks\views.py changed, reloading.
Watching for file changes with StatReloader
C:\Users\Bened\Desktop\CRUD\tasks\views.py changed, reloading.
Watching for file changes with StatReloader
C:\Users\Bened\Desktop\CRUD\tasks\views.py changed, reloading.
Watching for file changes with StatReloader
C:\Users\Bened\Desktop\CRUD\tasks\views.py changed, reloading.
Watching for file changes with StatReloader
C:\Users\Bened\Desktop\CRUD\tasks\views.py changed, reloading.
Watching for file changes with StatReloader
C:\Users\Bened\Desktop\CRUD\tasks\urls.py changed, reloading.
Watching for file changes with StatReloader
C:\Users\Bened\Desktop\CRUD\tasks\urls.py changed, reloading.
Watching for file changes with StatReloader
C:\Users\Bened\Desktop\CRUD\tasks\views.py changed, reloading.
Watching for file changes with StatReloader
C:\Users\Bened\Desktop\CRUD\tasks\views.py changed, reloading.
Watching for file changes with StatReloader
C:\Users\Bened\Desktop\CRUD\tasks\urls.py changed, reloading.
Watching for file changes with StatReloader
"GET /usuarios/operativo/ HTTP/1.1" 200 6826
"GET /usuarios/operativo/descarga/ HTTP/1.1" 200 8294
"POST /usuarios/operativo/descargar-word/ HTTP/1.1" 200 135681
"GET /logout/ HTTP/1.1" 302 0
Internal Server Error: /
Traceback (most recent call last):
  File "C:\Users\Bened\Desktop\CRUD\.venv\Lib\site-packages\django\template\base.py", line 505, in parse
    compile_func = self.tags[command]
                   ~~~~~~~~~^^^^^^^^^
KeyError: 'else'

During handling of the above exception, another exception occurred:

Traceback (most recent call last):
  File "C:\Users\Bened\Desktop\CRUD\.venv\Lib\site-packages\django\core\handlers\exception.py", line 55, in inner
    response = get_response(request)
               ^^^^^^^^^^^^^^^^^^^^^
  File "C:\Users\Bened\Desktop\CRUD\.venv\Lib\site-packages\django\core\handlers\base.py", line 197, in _get_response
    response = wrapped_callback(request, *callback_args, **callback_kwargs)
               ^^^^^^^^^^^^^^^^^^^^^^^^^^^^^^^^^^^^^^^^^^^^^^^^^^^^^^^^^^^^
  File "C:\Users\Bened\Desktop\CRUD\tasks\views.py", line 51, in home
    return render(request, 'home.html')
           ^^^^^^^^^^^^^^^^^^^^^^^^^^^^
  File "C:\Users\Bened\Desktop\CRUD\.venv\Lib\site-packages\django\shortcuts.py", line 24, in render
    content = loader.render_to_string(template_name, context, request, using=using)
              ^^^^^^^^^^^^^^^^^^^^^^^^^^^^^^^^^^^^^^^^^^^^^^^^^^^^^^^^^^^^^^^^^^^^^
  File "C:\Users\Bened\Desktop\CRUD\.venv\Lib\site-packages\django\template\loader.py", line 62, in render_to_string
    return template.render(context, request)
           ^^^^^^^^^^^^^^^^^^^^^^^^^^^^^^^^^
  File "C:\Users\Bened\Desktop\CRUD\.venv\Lib\site-packages\django\template\backends\django.py", line 62, in render
    return self.template.render(context)
           ^^^^^^^^^^^^^^^^^^^^^^^^^^^^^
  File "C:\Users\Bened\Desktop\CRUD\.venv\Lib\site-packages\django\template\base.py", line 175, in render
    return self._render(context)
           ^^^^^^^^^^^^^^^^^^^^^
  File "C:\Users\Bened\Desktop\CRUD\.venv\Lib\site-packages\django\template\base.py", line 167, in _render
    return self.nodelist.render(context)
           ^^^^^^^^^^^^^^^^^^^^^^^^^^^^^
  File "C:\Users\Bened\Desktop\CRUD\.venv\Lib\site-packages\django\template\base.py", line 1005, in render
    return SafeString("".join([node.render_annotated(context) for node in self]))
                               ^^^^^^^^^^^^^^^^^^^^^^^^^^^^^^
  File "C:\Users\Bened\Desktop\CRUD\.venv\Lib\site-packages\django\template\base.py", line 966, in render_annotated
    return self.render(context)
           ^^^^^^^^^^^^^^^^^^^^
  File "C:\Users\Bened\Desktop\CRUD\.venv\Lib\site-packages\django\template\loader_tags.py", line 157, in render
    return compiled_parent._render(context)
           ^^^^^^^^^^^^^^^^^^^^^^^^^^^^^^^^
  File "C:\Users\Bened\Desktop\CRUD\.venv\Lib\site-packages\django\template\base.py", line 167, in _render
    return self.nodelist.render(context)
           ^^^^^^^^^^^^^^^^^^^^^^^^^^^^^
  File "C:\Users\Bened\Desktop\CRUD\.venv\Lib\site-packages\django\template\base.py", line 1005, in render
    return SafeString("".join([node.render_annotated(context) for node in self]))
                               ^^^^^^^^^^^^^^^^^^^^^^^^^^^^^^
  File "C:\Users\Bened\Desktop\CRUD\.venv\Lib\site-packages\django\template\base.py", line 966, in render_annotated
    return self.render(context)
           ^^^^^^^^^^^^^^^^^^^^
  File "C:\Users\Bened\Desktop\CRUD\.venv\Lib\site-packages\django\template\loader_tags.py", line 197, in render
    template = context.template.engine.select_template(template_name)
               ^^^^^^^^^^^^^^^^^^^^^^^^^^^^^^^^^^^^^^^^^^^^^^^^^^^^^^
  File "C:\Users\Bened\Desktop\CRUD\.venv\Lib\site-packages\django\template\engine.py", line 206, in select_template
    return self.get_template(template_name)
           ^^^^^^^^^^^^^^^^^^^^^^^^^^^^^^^^
  File "C:\Users\Bened\Desktop\CRUD\.venv\Lib\site-packages\django\template\engine.py", line 175, in get_template
    template, origin = self.find_template(template_name)
                       ^^^^^^^^^^^^^^^^^^^^^^^^^^^^^^^^^
  File "C:\Users\Bened\Desktop\CRUD\.venv\Lib\site-packages\django\template\engine.py", line 157, in find_template
    template = loader.get_template(name, skip=skip)
               ^^^^^^^^^^^^^^^^^^^^^^^^^^^^^^^^^^^^
  File "C:\Users\Bened\Desktop\CRUD\.venv\Lib\site-packages\django\template\loaders\cached.py", line 57, in get_template
    template = super().get_template(template_name, skip)
               ^^^^^^^^^^^^^^^^^^^^^^^^^^^^^^^^^^^^^^^^^
  File "C:\Users\Bened\Desktop\CRUD\.venv\Lib\site-packages\django\template\loaders\base.py", line 28, in get_template
    return Template(
           ^^^^^^^^^
  File "C:\Users\Bened\Desktop\CRUD\.venv\Lib\site-packages\django\template\base.py", line 154, in __init__
    self.nodelist = self.compile_nodelist()
                    ^^^^^^^^^^^^^^^^^^^^^^^
  File "C:\Users\Bened\Desktop\CRUD\.venv\Lib\site-packages\django\template\base.py", line 200, in compile_nodelist
    return parser.parse()
           ^^^^^^^^^^^^^^
  File "C:\Users\Bened\Desktop\CRUD\.venv\Lib\site-packages\django\template\base.py", line 507, in parse
    self.invalid_block_tag(token, command, parse_until)
  File "C:\Users\Bened\Desktop\CRUD\.venv\Lib\site-packages\django\template\base.py", line 568, in invalid_block_tag
    raise self.error(
django.template.exceptions.TemplateSyntaxError: Invalid block tag on line 65: 'else'. Did you forget to register or load this tag?
"GET / HTTP/1.1" 500 187944
Internal Server Error: /
Traceback (most recent call last):
  File "C:\Users\Bened\Desktop\CRUD\.venv\Lib\site-packages\django\template\base.py", line 505, in parse
    compile_func = self.tags[command]
                   ~~~~~~~~~^^^^^^^^^
KeyError: 'else'

During handling of the above exception, another exception occurred:

Traceback (most recent call last):
  File "C:\Users\Bened\Desktop\CRUD\.venv\Lib\site-packages\django\core\handlers\exception.py", line 55, in inner
    response = get_response(request)
               ^^^^^^^^^^^^^^^^^^^^^
  File "C:\Users\Bened\Desktop\CRUD\.venv\Lib\site-packages\django\core\handlers\base.py", line 197, in _get_response
    response = wrapped_callback(request, *callback_args, **callback_kwargs)
               ^^^^^^^^^^^^^^^^^^^^^^^^^^^^^^^^^^^^^^^^^^^^^^^^^^^^^^^^^^^^
  File "C:\Users\Bened\Desktop\CRUD\tasks\views.py", line 51, in home
    return render(request, 'home.html')
           ^^^^^^^^^^^^^^^^^^^^^^^^^^^^
  File "C:\Users\Bened\Desktop\CRUD\.venv\Lib\site-packages\django\shortcuts.py", line 24, in render
    content = loader.render_to_string(template_name, context, request, using=using)
              ^^^^^^^^^^^^^^^^^^^^^^^^^^^^^^^^^^^^^^^^^^^^^^^^^^^^^^^^^^^^^^^^^^^^^
  File "C:\Users\Bened\Desktop\CRUD\.venv\Lib\site-packages\django\template\loader.py", line 62, in render_to_string
    return template.render(context, request)
           ^^^^^^^^^^^^^^^^^^^^^^^^^^^^^^^^^
  File "C:\Users\Bened\Desktop\CRUD\.venv\Lib\site-packages\django\template\backends\django.py", line 62, in render
    return self.template.render(context)
           ^^^^^^^^^^^^^^^^^^^^^^^^^^^^^
  File "C:\Users\Bened\Desktop\CRUD\.venv\Lib\site-packages\django\template\base.py", line 175, in render
    return self._render(context)
           ^^^^^^^^^^^^^^^^^^^^^
  File "C:\Users\Bened\Desktop\CRUD\.venv\Lib\site-packages\django\template\base.py", line 167, in _render
    return self.nodelist.render(context)
           ^^^^^^^^^^^^^^^^^^^^^^^^^^^^^
  File "C:\Users\Bened\Desktop\CRUD\.venv\Lib\site-packages\django\template\base.py", line 1005, in render
    return SafeString("".join([node.render_annotated(context) for node in self]))
                               ^^^^^^^^^^^^^^^^^^^^^^^^^^^^^^
  File "C:\Users\Bened\Desktop\CRUD\.venv\Lib\site-packages\django\template\base.py", line 966, in render_annotated
    return self.render(context)
           ^^^^^^^^^^^^^^^^^^^^
  File "C:\Users\Bened\Desktop\CRUD\.venv\Lib\site-packages\django\template\loader_tags.py", line 157, in render
    return compiled_parent._render(context)
           ^^^^^^^^^^^^^^^^^^^^^^^^^^^^^^^^
  File "C:\Users\Bened\Desktop\CRUD\.venv\Lib\site-packages\django\template\base.py", line 167, in _render
    return self.nodelist.render(context)
           ^^^^^^^^^^^^^^^^^^^^^^^^^^^^^
  File "C:\Users\Bened\Desktop\CRUD\.venv\Lib\site-packages\django\template\base.py", line 1005, in render
    return SafeString("".join([node.render_annotated(context) for node in self]))
                               ^^^^^^^^^^^^^^^^^^^^^^^^^^^^^^
  File "C:\Users\Bened\Desktop\CRUD\.venv\Lib\site-packages\django\template\base.py", line 966, in render_annotated
    return self.render(context)
           ^^^^^^^^^^^^^^^^^^^^
  File "C:\Users\Bened\Desktop\CRUD\.venv\Lib\site-packages\django\template\loader_tags.py", line 197, in render
    template = context.template.engine.select_template(template_name)
               ^^^^^^^^^^^^^^^^^^^^^^^^^^^^^^^^^^^^^^^^^^^^^^^^^^^^^^
  File "C:\Users\Bened\Desktop\CRUD\.venv\Lib\site-packages\django\template\engine.py", line 206, in select_template
    return self.get_template(template_name)
           ^^^^^^^^^^^^^^^^^^^^^^^^^^^^^^^^
  File "C:\Users\Bened\Desktop\CRUD\.venv\Lib\site-packages\django\template\engine.py", line 175, in get_template
    template, origin = self.find_template(template_name)
                       ^^^^^^^^^^^^^^^^^^^^^^^^^^^^^^^^^
  File "C:\Users\Bened\Desktop\CRUD\.venv\Lib\site-packages\django\template\engine.py", line 157, in find_template
    template = loader.get_template(name, skip=skip)
               ^^^^^^^^^^^^^^^^^^^^^^^^^^^^^^^^^^^^
  File "C:\Users\Bened\Desktop\CRUD\.venv\Lib\site-packages\django\template\loaders\cached.py", line 57, in get_template
    template = super().get_template(template_name, skip)
               ^^^^^^^^^^^^^^^^^^^^^^^^^^^^^^^^^^^^^^^^^
  File "C:\Users\Bened\Desktop\CRUD\.venv\Lib\site-packages\django\template\loaders\base.py", line 28, in get_template
    return Template(
           ^^^^^^^^^
  File "C:\Users\Bened\Desktop\CRUD\.venv\Lib\site-packages\django\template\base.py", line 154, in __init__
    self.nodelist = self.compile_nodelist()
                    ^^^^^^^^^^^^^^^^^^^^^^^
  File "C:\Users\Bened\Desktop\CRUD\.venv\Lib\site-packages\django\template\base.py", line 200, in compile_nodelist
    return parser.parse()
           ^^^^^^^^^^^^^^
  File "C:\Users\Bened\Desktop\CRUD\.venv\Lib\site-packages\django\template\base.py", line 507, in parse
    self.invalid_block_tag(token, command, parse_until)
  File "C:\Users\Bened\Desktop\CRUD\.venv\Lib\site-packages\django\template\base.py", line 568, in invalid_block_tag
    raise self.error(
django.template.exceptions.TemplateSyntaxError: Invalid block tag on line 65: 'else'. Did you forget to register or load this tag?
"GET / HTTP/1.1" 500 187779
Not Found: /favicon.ico
"GET /favicon.ico HTTP/1.1" 404 2808
"GET / HTTP/1.1" 200 1353
"GET /signin/ HTTP/1.1" 200 1935
"POST /signin/ HTTP/1.1" 302 0
"GET /tasks/admin_dashboard/ HTTP/1.1" 200 2326
Internal Server Error: /tasks/word/
Traceback (most recent call last):
  File "C:\Users\Bened\Desktop\CRUD\.venv\Lib\site-packages\django\core\handlers\exception.py", line 55, in inner
    response = get_response(request)
               ^^^^^^^^^^^^^^^^^^^^^
  File "C:\Users\Bened\Desktop\CRUD\.venv\Lib\site-packages\django\core\handlers\base.py", line 197, in _get_response
    response = wrapped_callback(request, *callback_args, **callback_kwargs)
               ^^^^^^^^^^^^^^^^^^^^^^^^^^^^^^^^^^^^^^^^^^^^^^^^^^^^^^^^^^^^
  File "C:\Users\Bened\Desktop\CRUD\tasks\views.py", line 215, in listar_word
    archivos = [f for f in os.listdir(carpeta) if f.endswith(".docx")]
                           ^^^^^^^^^^^^^^^^^^^
FileNotFoundError: [WinError 3] The system cannot find the path specified: 'C:/respaldo_word_directivo'
"GET /tasks/word/ HTTP/1.1" 500 73591
Internal Server Error: /tasks/word/
Traceback (most recent call last):
  File "C:\Users\Bened\Desktop\CRUD\.venv\Lib\site-packages\django\core\handlers\exception.py", line 55, in inner
    response = get_response(request)
               ^^^^^^^^^^^^^^^^^^^^^
  File "C:\Users\Bened\Desktop\CRUD\.venv\Lib\site-packages\django\core\handlers\base.py", line 197, in _get_response
    response = wrapped_callback(request, *callback_args, **callback_kwargs)
               ^^^^^^^^^^^^^^^^^^^^^^^^^^^^^^^^^^^^^^^^^^^^^^^^^^^^^^^^^^^^
  File "C:\Users\Bened\Desktop\CRUD\tasks\views.py", line 215, in listar_word
    archivos = [f for f in os.listdir(carpeta) if f.endswith(".docx")]
                           ^^^^^^^^^^^^^^^^^^^
FileNotFoundError: [WinError 3] The system cannot find the path specified: 'C:/respaldo_word_directivo'
"GET /tasks/word/ HTTP/1.1" 500 73728
C:\Users\Bened\Desktop\CRUD\djangocrud\settings.py changed, reloading.
Watching for file changes with StatReloader
"GET /tasks/word/ HTTP/1.1" 200 256
"GET /tasks/word/ HTTP/1.1" 200 256
"GET /tasks/word/ HTTP/1.1" 200 256
"GET /tasks/word/ HTTP/1.1" 200 2578
"GET /tasks/word/ HTTP/1.1" 200 2578
Watching for file changes with StatReloader
"GET /tasks/word/ HTTP/1.1" 200 2578
"GET /tasks/word/ HTTP/1.1" 200 2578
"GET /tasks/word/ HTTP/1.1" 200 2578
C:\Users\Bened\Desktop\CRUD\tasks\views.py changed, reloading.
Watching for file changes with StatReloader
"GET /tasks/word/ HTTP/1.1" 200 2578
"GET /tasks/word/ HTTP/1.1" 200 2578
"GET /tasks/word/ HTTP/1.1" 200 2578
"GET /logout/ HTTP/1.1" 302 0
"GET / HTTP/1.1" 200 1353
"GET /signin/ HTTP/1.1" 200 1935
"POST /signin/ HTTP/1.1" 302 0
"GET /usuarios/menu/ HTTP/1.1" 200 1095
"GET /usuarios/operativo/ HTTP/1.1" 200 6826
"GET /usuarios/operativo/descarga/ HTTP/1.1" 200 8294
"POST /usuarios/operativo/descargar-word/ HTTP/1.1" 200 135681
"GET /logout/ HTTP/1.1" 302 0
"GET / HTTP/1.1" 200 1353
"GET /signin/ HTTP/1.1" 200 1935
"POST /signin/ HTTP/1.1" 302 0
"GET /tasks/admin_dashboard/ HTTP/1.1" 200 2326
"GET /tasks/word/ HTTP/1.1" 200 2578
"GET /tasks/word/ HTTP/1.1" 200 2578
"GET /tasks/word/ HTTP/1.1" 200 2578
"GET /tasks/word/ HTTP/1.1" 200 2578
"GET /tasks/word/ HTTP/1.1" 200 2578
"GET /tasks/word/ HTTP/1.1" 200 2578
"GET /logout/ HTTP/1.1" 302 0
"GET / HTTP/1.1" 200 1353
"GET /signin/ HTTP/1.1" 200 1935
"POST /signin/ HTTP/1.1" 302 0
"GET /usuarios/menu/ HTTP/1.1" 200 1095
"GET /usuarios/directivo/ HTTP/1.1" 200 6319
"GET /usuarios/directivo/descarga/ HTTP/1.1" 200 7447
"POST /usuarios/directivo/descargar_word_directiva/ HTTP/1.1" 200 138662
C:\Users\Bened\Desktop\CRUD\directivo\views.py changed, reloading.
Watching for file changes with StatReloader
"GET /usuarios/directivo/descarga/ HTTP/1.1" 200 7447
"POST /usuarios/directivo/descargar_word_directiva/ HTTP/1.1" 200 138662
"GET /logout/ HTTP/1.1" 302 0
"GET / HTTP/1.1" 200 1353
"GET /signin/ HTTP/1.1" 200 1935
"POST /signin/ HTTP/1.1" 302 0
"GET /tasks/admin_dashboard/ HTTP/1.1" 200 2326
"GET /tasks/word/ HTTP/1.1" 200 2578
C:\Users\Bened\Desktop\CRUD\tasks\views.py changed, reloading.
Watching for file changes with StatReloader
"GET /tasks/word/ HTTP/1.1" 200 2737
"GET /tasks/word/ HTTP/1.1" 200 2685
"GET /tasks/word/ver/2025-10%5CMinuta_Directiva_20251010_192436.docx/ HTTP/1.1" 200 57
"GET /tasks/word/ver/2025-10%5CMinuta_Directiva_20251010_192436.docx/ HTTP/1.1" 200 57
C:\Users\Bened\Desktop\CRUD\tasks\views.py changed, reloading.
Watching for file changes with StatReloader
C:\Users\Bened\Desktop\CRUD\tasks\views.py changed, reloading.
Watching for file changes with StatReloader
C:\Users\Bened\Desktop\CRUD\tasks\urls.py changed, reloading.
Watching for file changes with StatReloader
C:\Users\Bened\Desktop\CRUD\tasks\urls.py changed, reloading.
Watching for file changes with StatReloader
"GET /tasks/word/ HTTP/1.1" 200 2863
"GET /tasks/word/ver/2025-10%5CMinuta_Directiva_20251010_192436.docx/ HTTP/1.1" 200 57
"GET /tasks/word/descargar/2025-10%5CMinuta_Directiva_20251010_192436.docx/ HTTP/1.1" 200 137974
"GET /tasks/word/ver/2025-10%5CMinuta_Directiva_20251010_192436.docx/ HTTP/1.1" 200 57
C:\Users\Bened\Desktop\CRUD\tasks\views.py changed, reloading.
Watching for file changes with StatReloader
C:\Users\Bened\Desktop\CRUD\tasks\views.py changed, reloading.
Watching for file changes with StatReloader
"GET /tasks/word/ HTTP/1.1" 200 2750
"GET /tasks/word/ HTTP/1.1" 200 2750
"GET /tasks/eliminar_operativo/ HTTP/1.1" 200 15467
"GET /tasks/word/ HTTP/1.1" 200 2750
C:\Users\Bened\Desktop\CRUD\djangocrud\settings.py changed, reloading.
Watching for file changes with StatReloader
C:\Users\Bened\Desktop\CRUD\tasks\views.py changed, reloading.
Watching for file changes with StatReloader
C:\Users\Bened\Desktop\CRUD\tasks\views.py changed, reloading.
Watching for file changes with StatReloader
C:\Users\Bened\Desktop\CRUD\tasks\urls.py changed, reloading.
Watching for file changes with StatReloader
C:\Users\Bened\Desktop\CRUD\tasks\urls.py changed, reloading.
Watching for file changes with StatReloader
"GET /tasks/word/ HTTP/1.1" 200 2929
"GET /tasks/word/ HTTP/1.1" 200 2929
Internal Server Error: /tasks/operativo/word/
Traceback (most recent call last):
  File "C:\Users\Bened\Desktop\CRUD\.venv\Lib\site-packages\django\core\handlers\exception.py", line 55, in inner
    response = get_response(request)
               ^^^^^^^^^^^^^^^^^^^^^
  File "C:\Users\Bened\Desktop\CRUD\.venv\Lib\site-packages\django\core\handlers\base.py", line 197, in _get_response
    response = wrapped_callback(request, *callback_args, **callback_kwargs)
               ^^^^^^^^^^^^^^^^^^^^^^^^^^^^^^^^^^^^^^^^^^^^^^^^^^^^^^^^^^^^
  File "C:\Users\Bened\Desktop\CRUD\tasks\views.py", line 248, in listar_word_operativo
    carpeta_base = settings.RESPALDO_WORD_OPERATIVO_PATH
                   ^^^^^^^^^^^^^^^^^^^^^^^^^^^^^^^^^^^^^
AttributeError: module 'djangocrud.settings' has no attribute 'RESPALDO_WORD_OPERATIVO_PATH'
"GET /tasks/operativo/word/ HTTP/1.1" 500 73610
Internal Server Error: /tasks/operativo/word/
Traceback (most recent call last):
  File "C:\Users\Bened\Desktop\CRUD\.venv\Lib\site-packages\django\core\handlers\exception.py", line 55, in inner
    response = get_response(request)
               ^^^^^^^^^^^^^^^^^^^^^
  File "C:\Users\Bened\Desktop\CRUD\.venv\Lib\site-packages\django\core\handlers\base.py", line 197, in _get_response
    response = wrapped_callback(request, *callback_args, **callback_kwargs)
               ^^^^^^^^^^^^^^^^^^^^^^^^^^^^^^^^^^^^^^^^^^^^^^^^^^^^^^^^^^^^
  File "C:\Users\Bened\Desktop\CRUD\tasks\views.py", line 248, in listar_word_operativo
    carpeta_base = settings.RESPALDO_WORD_OPERATIVO_PATH
                   ^^^^^^^^^^^^^^^^^^^^^^^^^^^^^^^^^^^^^
AttributeError: module 'djangocrud.settings' has no attribute 'RESPALDO_WORD_OPERATIVO_PATH'
"GET /tasks/operativo/word/ HTTP/1.1" 500 73747
C:\Users\Bened\Desktop\CRUD\djangocrud\settings.py changed, reloading.
Watching for file changes with StatReloader
"GET /tasks/operativo/word/ HTTP/1.1" 200 2949
